2024-09-24T09:56:12.250+05:00  INFO 25595 --- [payment-service] [main] c.d.p.PaymentServiceApplication          : Starting PaymentServiceApplication using Java 21.0.3 with PID 25595 (/Users/daurenassanbaev/IdeaProjects/e-commerce/payment-service/target/classes started by daurenassanbaev in /Users/daurenassanbaev/IdeaProjects/e-commerce)
2024-09-24T09:56:12.258+05:00  INFO 25595 --- [payment-service] [main] c.d.p.PaymentServiceApplication          : No active profile set, falling back to 1 default profile: "default"
2024-09-24T09:56:12.763+05:00  INFO 25595 --- [payment-service] [main] .s.d.r.c.RepositoryConfigurationDelegate : Bootstrapping Spring Data JPA repositories in DEFAULT mode.
2024-09-24T09:56:12.790+05:00  INFO 25595 --- [payment-service] [main] .s.d.r.c.RepositoryConfigurationDelegate : Finished Spring Data repository scanning in 22 ms. Found 1 JPA repository interface.
2024-09-24T09:56:13.150+05:00  INFO 25595 --- [payment-service] [main] o.s.b.w.embedded.tomcat.TomcatWebServer  : Tomcat initialized with port 8084 (http)
2024-09-24T09:56:13.158+05:00  INFO 25595 --- [payment-service] [main] o.apache.catalina.core.StandardService   : Starting service [Tomcat]
2024-09-24T09:56:13.159+05:00  INFO 25595 --- [payment-service] [main] o.apache.catalina.core.StandardEngine    : Starting Servlet engine: [Apache Tomcat/10.1.28]
2024-09-24T09:56:13.187+05:00  INFO 25595 --- [payment-service] [main] o.a.c.c.C.[Tomcat].[localhost].[/]       : Initializing Spring embedded WebApplicationContext
2024-09-24T09:56:13.187+05:00  INFO 25595 --- [payment-service] [main] w.s.c.ServletWebServerApplicationContext : Root WebApplicationContext: initialization completed in 895 ms
2024-09-24T09:56:13.292+05:00  INFO 25595 --- [payment-service] [main] o.hibernate.jpa.internal.util.LogHelper  : HHH000204: Processing PersistenceUnitInfo [name: default]
2024-09-24T09:56:13.321+05:00  INFO 25595 --- [payment-service] [main] org.hibernate.Version                    : HHH000412: Hibernate ORM core version 6.5.2.Final
2024-09-24T09:56:13.337+05:00  INFO 25595 --- [payment-service] [main] o.h.c.internal.RegionFactoryInitiator    : HHH000026: Second-level cache disabled
2024-09-24T09:56:13.493+05:00  INFO 25595 --- [payment-service] [main] o.s.o.j.p.SpringPersistenceUnitInfo      : No LoadTimeWeaver setup: ignoring JPA class transformer
2024-09-24T09:56:13.507+05:00  INFO 25595 --- [payment-service] [main] com.zaxxer.hikari.HikariDataSource       : HikariPool-1 - Starting...
2024-09-24T09:56:13.587+05:00  INFO 25595 --- [payment-service] [main] com.zaxxer.hikari.pool.HikariPool        : HikariPool-1 - Added connection org.postgresql.jdbc.PgConnection@5c1dd18
2024-09-24T09:56:13.588+05:00  INFO 25595 --- [payment-service] [main] com.zaxxer.hikari.HikariDataSource       : HikariPool-1 - Start completed.
2024-09-24T09:56:14.100+05:00  INFO 25595 --- [payment-service] [main] o.h.e.t.j.p.i.JtaPlatformInitiator       : HHH000489: No JTA platform available (set 'hibernate.transaction.jta.platform' to enable JTA platform integration)
2024-09-24T09:56:14.136+05:00  INFO 25595 --- [payment-service] [main] j.LocalContainerEntityManagerFactoryBean : Initialized JPA EntityManagerFactory for persistence unit 'default'
2024-09-24T09:56:14.451+05:00  WARN 25595 --- [payment-service] [main] JpaBaseConfiguration$JpaWebConfiguration : spring.jpa.open-in-view is enabled by default. Therefore, database queries may be performed during view rendering. Explicitly configure spring.jpa.open-in-view to disable this warning
2024-09-24T09:56:15.122+05:00  INFO 25595 --- [payment-service] [main] o.s.b.w.embedded.tomcat.TomcatWebServer  : Tomcat started on port 8084 (http) with context path '/'
2024-09-24T09:56:15.150+05:00  INFO 25595 --- [payment-service] [main] o.a.k.clients.consumer.ConsumerConfig    : ConsumerConfig values: 
	allow.auto.create.topics = true
	auto.commit.interval.ms = 5000
	auto.include.jmx.reporter = true
	auto.offset.reset = earliest
	bootstrap.servers = [localhost:9092]
	check.crcs = true
	client.dns.lookup = use_all_dns_ips
	client.id = consumer-group_id-1
	client.rack = 
	connections.max.idle.ms = 540000
	default.api.timeout.ms = 60000
	enable.auto.commit = false
	enable.metrics.push = true
	exclude.internal.topics = true
	fetch.max.bytes = 52428800
	fetch.max.wait.ms = 500
	fetch.min.bytes = 1
	group.id = group_id
	group.instance.id = null
	group.protocol = classic
	group.remote.assignor = null
	heartbeat.interval.ms = 3000
	interceptor.classes = []
	internal.leave.group.on.close = true
	internal.throw.on.fetch.stable.offset.unsupported = false
	isolation.level = read_uncommitted
	key.deserializer = class org.apache.kafka.common.serialization.StringDeserializer
	max.partition.fetch.bytes = 1048576
	max.poll.interval.ms = 300000
	max.poll.records = 500
	metadata.max.age.ms = 300000
	metric.reporters = []
	metrics.num.samples = 2
	metrics.recording.level = INFO
	metrics.sample.window.ms = 30000
	partition.assignment.strategy = [class org.apache.kafka.clients.consumer.RangeAssignor, class org.apache.kafka.clients.consumer.CooperativeStickyAssignor]
	receive.buffer.bytes = 65536
	reconnect.backoff.max.ms = 1000
	reconnect.backoff.ms = 50
	request.timeout.ms = 30000
	retry.backoff.max.ms = 1000
	retry.backoff.ms = 100
	sasl.client.callback.handler.class = null
	sasl.jaas.config = null
	sasl.kerberos.kinit.cmd = /usr/bin/kinit
	sasl.kerberos.min.time.before.relogin = 60000
	sasl.kerberos.service.name = null
	sasl.kerberos.ticket.renew.jitter = 0.05
	sasl.kerberos.ticket.renew.window.factor = 0.8
	sasl.login.callback.handler.class = null
	sasl.login.class = null
	sasl.login.connect.timeout.ms = null
	sasl.login.read.timeout.ms = null
	sasl.login.refresh.buffer.seconds = 300
	sasl.login.refresh.min.period.seconds = 60
	sasl.login.refresh.window.factor = 0.8
	sasl.login.refresh.window.jitter = 0.05
	sasl.login.retry.backoff.max.ms = 10000
	sasl.login.retry.backoff.ms = 100
	sasl.mechanism = GSSAPI
	sasl.oauthbearer.clock.skew.seconds = 30
	sasl.oauthbearer.expected.audience = null
	sasl.oauthbearer.expected.issuer = null
	sasl.oauthbearer.jwks.endpoint.refresh.ms = 3600000
	sasl.oauthbearer.jwks.endpoint.retry.backoff.max.ms = 10000
	sasl.oauthbearer.jwks.endpoint.retry.backoff.ms = 100
	sasl.oauthbearer.jwks.endpoint.url = null
	sasl.oauthbearer.scope.claim.name = scope
	sasl.oauthbearer.sub.claim.name = sub
	sasl.oauthbearer.token.endpoint.url = null
	security.protocol = PLAINTEXT
	security.providers = null
	send.buffer.bytes = 131072
	session.timeout.ms = 45000
	socket.connection.setup.timeout.max.ms = 30000
	socket.connection.setup.timeout.ms = 10000
	ssl.cipher.suites = null
	ssl.enabled.protocols = [TLSv1.2, TLSv1.3]
	ssl.endpoint.identification.algorithm = https
	ssl.engine.factory.class = null
	ssl.key.password = null
	ssl.keymanager.algorithm = SunX509
	ssl.keystore.certificate.chain = null
	ssl.keystore.key = null
	ssl.keystore.location = null
	ssl.keystore.password = null
	ssl.keystore.type = JKS
	ssl.protocol = TLSv1.3
	ssl.provider = null
	ssl.secure.random.implementation = null
	ssl.trustmanager.algorithm = PKIX
	ssl.truststore.certificates = null
	ssl.truststore.location = null
	ssl.truststore.password = null
	ssl.truststore.type = JKS
	value.deserializer = class org.apache.kafka.common.serialization.StringDeserializer

2024-09-24T09:56:15.178+05:00  INFO 25595 --- [payment-service] [main] o.a.k.c.t.i.KafkaMetricsCollector        : initializing Kafka metrics collector
2024-09-24T09:56:15.222+05:00  INFO 25595 --- [payment-service] [main] o.a.kafka.common.utils.AppInfoParser     : Kafka version: 3.7.1
2024-09-24T09:56:15.222+05:00  INFO 25595 --- [payment-service] [main] o.a.kafka.common.utils.AppInfoParser     : Kafka commitId: e2494e6ffb89f828
2024-09-24T09:56:15.222+05:00  INFO 25595 --- [payment-service] [main] o.a.kafka.common.utils.AppInfoParser     : Kafka startTimeMs: 1727153775221
2024-09-24T09:56:15.224+05:00  INFO 25595 --- [payment-service] [main] o.a.k.c.c.internals.LegacyKafkaConsumer  : [Consumer clientId=consumer-group_id-1, groupId=group_id] Subscribed to topic(s): total-amount
2024-09-24T09:56:15.229+05:00  INFO 25595 --- [payment-service] [main] o.a.k.clients.consumer.ConsumerConfig    : ConsumerConfig values: 
	allow.auto.create.topics = true
	auto.commit.interval.ms = 5000
	auto.include.jmx.reporter = true
	auto.offset.reset = earliest
	bootstrap.servers = [localhost:9092]
	check.crcs = true
	client.dns.lookup = use_all_dns_ips
	client.id = consumer-group_id-2
	client.rack = 
	connections.max.idle.ms = 540000
	default.api.timeout.ms = 60000
	enable.auto.commit = false
	enable.metrics.push = true
	exclude.internal.topics = true
	fetch.max.bytes = 52428800
	fetch.max.wait.ms = 500
	fetch.min.bytes = 1
	group.id = group_id
	group.instance.id = null
	group.protocol = classic
	group.remote.assignor = null
	heartbeat.interval.ms = 3000
	interceptor.classes = []
	internal.leave.group.on.close = true
	internal.throw.on.fetch.stable.offset.unsupported = false
	isolation.level = read_uncommitted
	key.deserializer = class org.apache.kafka.common.serialization.StringDeserializer
	max.partition.fetch.bytes = 1048576
	max.poll.interval.ms = 300000
	max.poll.records = 500
	metadata.max.age.ms = 300000
	metric.reporters = []
	metrics.num.samples = 2
	metrics.recording.level = INFO
	metrics.sample.window.ms = 30000
	partition.assignment.strategy = [class org.apache.kafka.clients.consumer.RangeAssignor, class org.apache.kafka.clients.consumer.CooperativeStickyAssignor]
	receive.buffer.bytes = 65536
	reconnect.backoff.max.ms = 1000
	reconnect.backoff.ms = 50
	request.timeout.ms = 30000
	retry.backoff.max.ms = 1000
	retry.backoff.ms = 100
	sasl.client.callback.handler.class = null
	sasl.jaas.config = null
	sasl.kerberos.kinit.cmd = /usr/bin/kinit
	sasl.kerberos.min.time.before.relogin = 60000
	sasl.kerberos.service.name = null
	sasl.kerberos.ticket.renew.jitter = 0.05
	sasl.kerberos.ticket.renew.window.factor = 0.8
	sasl.login.callback.handler.class = null
	sasl.login.class = null
	sasl.login.connect.timeout.ms = null
	sasl.login.read.timeout.ms = null
	sasl.login.refresh.buffer.seconds = 300
	sasl.login.refresh.min.period.seconds = 60
	sasl.login.refresh.window.factor = 0.8
	sasl.login.refresh.window.jitter = 0.05
	sasl.login.retry.backoff.max.ms = 10000
	sasl.login.retry.backoff.ms = 100
	sasl.mechanism = GSSAPI
	sasl.oauthbearer.clock.skew.seconds = 30
	sasl.oauthbearer.expected.audience = null
	sasl.oauthbearer.expected.issuer = null
	sasl.oauthbearer.jwks.endpoint.refresh.ms = 3600000
	sasl.oauthbearer.jwks.endpoint.retry.backoff.max.ms = 10000
	sasl.oauthbearer.jwks.endpoint.retry.backoff.ms = 100
	sasl.oauthbearer.jwks.endpoint.url = null
	sasl.oauthbearer.scope.claim.name = scope
	sasl.oauthbearer.sub.claim.name = sub
	sasl.oauthbearer.token.endpoint.url = null
	security.protocol = PLAINTEXT
	security.providers = null
	send.buffer.bytes = 131072
	session.timeout.ms = 45000
	socket.connection.setup.timeout.max.ms = 30000
	socket.connection.setup.timeout.ms = 10000
	ssl.cipher.suites = null
	ssl.enabled.protocols = [TLSv1.2, TLSv1.3]
	ssl.endpoint.identification.algorithm = https
	ssl.engine.factory.class = null
	ssl.key.password = null
	ssl.keymanager.algorithm = SunX509
	ssl.keystore.certificate.chain = null
	ssl.keystore.key = null
	ssl.keystore.location = null
	ssl.keystore.password = null
	ssl.keystore.type = JKS
	ssl.protocol = TLSv1.3
	ssl.provider = null
	ssl.secure.random.implementation = null
	ssl.trustmanager.algorithm = PKIX
	ssl.truststore.certificates = null
	ssl.truststore.location = null
	ssl.truststore.password = null
	ssl.truststore.type = JKS
	value.deserializer = class org.apache.kafka.common.serialization.StringDeserializer

2024-09-24T09:56:15.229+05:00  INFO 25595 --- [payment-service] [main] o.a.k.c.t.i.KafkaMetricsCollector        : initializing Kafka metrics collector
2024-09-24T09:56:15.233+05:00  INFO 25595 --- [payment-service] [main] o.a.kafka.common.utils.AppInfoParser     : Kafka version: 3.7.1
2024-09-24T09:56:15.233+05:00  INFO 25595 --- [payment-service] [main] o.a.kafka.common.utils.AppInfoParser     : Kafka commitId: e2494e6ffb89f828
2024-09-24T09:56:15.233+05:00  INFO 25595 --- [payment-service] [main] o.a.kafka.common.utils.AppInfoParser     : Kafka startTimeMs: 1727153775233
2024-09-24T09:56:15.234+05:00  INFO 25595 --- [payment-service] [main] o.a.k.c.c.internals.LegacyKafkaConsumer  : [Consumer clientId=consumer-group_id-2, groupId=group_id] Subscribed to topic(s): cart-items
2024-09-24T09:56:15.242+05:00  INFO 25595 --- [payment-service] [main] c.d.p.PaymentServiceApplication          : Started PaymentServiceApplication in 3.325 seconds (process running for 3.755)
2024-09-24T09:56:15.527+05:00  WARN 25595 --- [payment-service] [org.springframework.kafka.KafkaListenerEndpointContainer#0-0-C-1] org.apache.kafka.clients.NetworkClient   : [Consumer clientId=consumer-group_id-1, groupId=group_id] Error while fetching metadata with correlation id 2 : {total-amount=UNKNOWN_TOPIC_OR_PARTITION}
2024-09-24T09:56:15.527+05:00  WARN 25595 --- [payment-service] [org.springframework.kafka.KafkaListenerEndpointContainer#1-0-C-1] org.apache.kafka.clients.NetworkClient   : [Consumer clientId=consumer-group_id-2, groupId=group_id] Error while fetching metadata with correlation id 2 : {cart-items=UNKNOWN_TOPIC_OR_PARTITION}
2024-09-24T09:56:15.528+05:00  INFO 25595 --- [payment-service] [org.springframework.kafka.KafkaListenerEndpointContainer#1-0-C-1] org.apache.kafka.clients.Metadata        : [Consumer clientId=consumer-group_id-2, groupId=group_id] Cluster ID: a5Hj4BhQQ-ywGQixswYKzQ
2024-09-24T09:56:15.528+05:00  INFO 25595 --- [payment-service] [org.springframework.kafka.KafkaListenerEndpointContainer#0-0-C-1] org.apache.kafka.clients.Metadata        : [Consumer clientId=consumer-group_id-1, groupId=group_id] Cluster ID: a5Hj4BhQQ-ywGQixswYKzQ
2024-09-24T09:56:15.528+05:00  INFO 25595 --- [payment-service] [org.springframework.kafka.KafkaListenerEndpointContainer#0-0-C-1] o.a.k.c.c.internals.ConsumerCoordinator  : [Consumer clientId=consumer-group_id-1, groupId=group_id] Discovered group coordinator localhost:9092 (id: 2147483646 rack: null)
2024-09-24T09:56:15.528+05:00  INFO 25595 --- [payment-service] [org.springframework.kafka.KafkaListenerEndpointContainer#1-0-C-1] o.a.k.c.c.internals.ConsumerCoordinator  : [Consumer clientId=consumer-group_id-2, groupId=group_id] Discovered group coordinator localhost:9092 (id: 2147483646 rack: null)
2024-09-24T09:56:15.530+05:00  INFO 25595 --- [payment-service] [org.springframework.kafka.KafkaListenerEndpointContainer#0-0-C-1] o.a.k.c.c.internals.ConsumerCoordinator  : [Consumer clientId=consumer-group_id-1, groupId=group_id] (Re-)joining group
2024-09-24T09:56:15.530+05:00  INFO 25595 --- [payment-service] [org.springframework.kafka.KafkaListenerEndpointContainer#1-0-C-1] o.a.k.c.c.internals.ConsumerCoordinator  : [Consumer clientId=consumer-group_id-2, groupId=group_id] (Re-)joining group
2024-09-24T09:56:15.541+05:00  INFO 25595 --- [payment-service] [org.springframework.kafka.KafkaListenerEndpointContainer#0-0-C-1] o.a.k.c.c.internals.ConsumerCoordinator  : [Consumer clientId=consumer-group_id-1, groupId=group_id] Request joining group due to: need to re-join with the given member-id: consumer-group_id-1-0d9a270c-ddbe-4561-ae50-de2d63d6c061
2024-09-24T09:56:15.541+05:00  INFO 25595 --- [payment-service] [org.springframework.kafka.KafkaListenerEndpointContainer#1-0-C-1] o.a.k.c.c.internals.ConsumerCoordinator  : [Consumer clientId=consumer-group_id-2, groupId=group_id] Request joining group due to: need to re-join with the given member-id: consumer-group_id-2-884b5bed-b51c-45a6-ac1d-506ace3940cb
2024-09-24T09:56:15.541+05:00  INFO 25595 --- [payment-service] [org.springframework.kafka.KafkaListenerEndpointContainer#0-0-C-1] o.a.k.c.c.internals.ConsumerCoordinator  : [Consumer clientId=consumer-group_id-1, groupId=group_id] (Re-)joining group
2024-09-24T09:56:15.541+05:00  INFO 25595 --- [payment-service] [org.springframework.kafka.KafkaListenerEndpointContainer#1-0-C-1] o.a.k.c.c.internals.ConsumerCoordinator  : [Consumer clientId=consumer-group_id-2, groupId=group_id] (Re-)joining group
2024-09-24T09:56:15.647+05:00  WARN 25595 --- [payment-service] [org.springframework.kafka.KafkaListenerEndpointContainer#1-0-C-1] org.apache.kafka.clients.NetworkClient   : [Consumer clientId=consumer-group_id-2, groupId=group_id] Error while fetching metadata with correlation id 8 : {cart-items=UNKNOWN_TOPIC_OR_PARTITION}
2024-09-24T09:56:18.363+05:00  INFO 25595 --- [payment-service] [org.springframework.kafka.KafkaListenerEndpointContainer#0-0-C-1] o.a.k.c.c.internals.ConsumerCoordinator  : [Consumer clientId=consumer-group_id-1, groupId=group_id] Successfully joined group with generation Generation{generationId=89, memberId='consumer-group_id-1-0d9a270c-ddbe-4561-ae50-de2d63d6c061', protocol='range'}
2024-09-24T09:56:18.363+05:00  INFO 25595 --- [payment-service] [org.springframework.kafka.KafkaListenerEndpointContainer#1-0-C-1] o.a.k.c.c.internals.ConsumerCoordinator  : [Consumer clientId=consumer-group_id-2, groupId=group_id] Successfully joined group with generation Generation{generationId=89, memberId='consumer-group_id-2-884b5bed-b51c-45a6-ac1d-506ace3940cb', protocol='range'}
2024-09-24T09:56:18.582+05:00  INFO 25595 --- [payment-service] [org.springframework.kafka.KafkaListenerEndpointContainer#0-0-C-1] o.a.k.c.c.internals.ConsumerCoordinator  : [Consumer clientId=consumer-group_id-1, groupId=group_id] Successfully synced group in generation Generation{generationId=89, memberId='consumer-group_id-1-0d9a270c-ddbe-4561-ae50-de2d63d6c061', protocol='range'}
2024-09-24T09:56:18.582+05:00  INFO 25595 --- [payment-service] [kafka-coordinator-heartbeat-thread | group_id] o.a.k.c.c.internals.ConsumerCoordinator  : [Consumer clientId=consumer-group_id-2, groupId=group_id] Successfully synced group in generation Generation{generationId=89, memberId='consumer-group_id-2-884b5bed-b51c-45a6-ac1d-506ace3940cb', protocol='range'}
2024-09-24T09:56:18.589+05:00  INFO 25595 --- [payment-service] [org.springframework.kafka.KafkaListenerEndpointContainer#0-0-C-1] o.a.k.c.c.internals.ConsumerCoordinator  : [Consumer clientId=consumer-group_id-1, groupId=group_id] Notifying assignor about the new Assignment(partitions=[total-amount-0])
2024-09-24T09:56:18.590+05:00  INFO 25595 --- [payment-service] [org.springframework.kafka.KafkaListenerEndpointContainer#1-0-C-1] o.a.k.c.c.internals.ConsumerCoordinator  : [Consumer clientId=consumer-group_id-2, groupId=group_id] Notifying assignor about the new Assignment(partitions=[cart-items-0])
2024-09-24T09:56:18.593+05:00  INFO 25595 --- [payment-service] [org.springframework.kafka.KafkaListenerEndpointContainer#1-0-C-1] k.c.c.i.ConsumerRebalanceListenerInvoker : [Consumer clientId=consumer-group_id-2, groupId=group_id] Adding newly assigned partitions: cart-items-0
2024-09-24T09:56:18.593+05:00  INFO 25595 --- [payment-service] [org.springframework.kafka.KafkaListenerEndpointContainer#0-0-C-1] k.c.c.i.ConsumerRebalanceListenerInvoker : [Consumer clientId=consumer-group_id-1, groupId=group_id] Adding newly assigned partitions: total-amount-0
2024-09-24T09:56:18.610+05:00  INFO 25595 --- [payment-service] [org.springframework.kafka.KafkaListenerEndpointContainer#1-0-C-1] o.a.k.c.c.internals.ConsumerCoordinator  : [Consumer clientId=consumer-group_id-2, groupId=group_id] Found no committed offset for partition cart-items-0
2024-09-24T09:56:18.610+05:00  INFO 25595 --- [payment-service] [org.springframework.kafka.KafkaListenerEndpointContainer#0-0-C-1] o.a.k.c.c.internals.ConsumerCoordinator  : [Consumer clientId=consumer-group_id-1, groupId=group_id] Found no committed offset for partition total-amount-0
2024-09-24T09:56:18.643+05:00  INFO 25595 --- [payment-service] [org.springframework.kafka.KafkaListenerEndpointContainer#0-0-C-1] o.a.k.c.c.internals.SubscriptionState    : [Consumer clientId=consumer-group_id-1, groupId=group_id] Resetting offset for partition total-amount-0 to position FetchPosition{offset=0, offsetEpoch=Optional.empty, currentLeader=LeaderAndEpoch{leader=Optional[localhost:9092 (id: 1 rack: null)], epoch=0}}.
2024-09-24T09:56:18.643+05:00  INFO 25595 --- [payment-service] [org.springframework.kafka.KafkaListenerEndpointContainer#1-0-C-1] o.a.k.c.c.internals.SubscriptionState    : [Consumer clientId=consumer-group_id-2, groupId=group_id] Resetting offset for partition cart-items-0 to position FetchPosition{offset=0, offsetEpoch=Optional.empty, currentLeader=LeaderAndEpoch{leader=Optional[localhost:9092 (id: 1 rack: null)], epoch=0}}.
2024-09-24T09:56:18.644+05:00  INFO 25595 --- [payment-service] [org.springframework.kafka.KafkaListenerEndpointContainer#1-0-C-1] o.s.k.l.KafkaMessageListenerContainer    : group_id: partitions assigned: [cart-items-0]
2024-09-24T09:56:18.644+05:00  INFO 25595 --- [payment-service] [org.springframework.kafka.KafkaListenerEndpointContainer#0-0-C-1] o.s.k.l.KafkaMessageListenerContainer    : group_id: partitions assigned: [total-amount-0]
2024-09-24T10:05:15.613+05:00  INFO 25595 --- [payment-service] [org.springframework.kafka.KafkaListenerEndpointContainer#1-0-C-1] org.apache.kafka.clients.NetworkClient   : [Consumer clientId=consumer-group_id-2, groupId=group_id] Node -1 disconnected.
2024-09-24T10:05:15.613+05:00  INFO 25595 --- [payment-service] [org.springframework.kafka.KafkaListenerEndpointContainer#0-0-C-1] org.apache.kafka.clients.NetworkClient   : [Consumer clientId=consumer-group_id-1, groupId=group_id] Node -1 disconnected.
2024-09-24T10:05:51.678+05:00  INFO 25595 --- [payment-service] [http-nio-8084-exec-1] o.a.c.c.C.[Tomcat].[localhost].[/]       : Initializing Spring DispatcherServlet 'dispatcherServlet'
2024-09-24T10:05:51.678+05:00  INFO 25595 --- [payment-service] [http-nio-8084-exec-1] o.s.web.servlet.DispatcherServlet        : Initializing Servlet 'dispatcherServlet'
2024-09-24T10:05:51.686+05:00  INFO 25595 --- [payment-service] [http-nio-8084-exec-1] o.s.web.servlet.DispatcherServlet        : Completed initialization in 8 ms
2024-09-24T10:05:52.042+05:00  INFO 25595 --- [payment-service] [http-nio-8084-exec-1] o.a.k.clients.producer.ProducerConfig    : ProducerConfig values: 
	acks = -1
	auto.include.jmx.reporter = true
	batch.size = 16384
	bootstrap.servers = [localhost:9092]
	buffer.memory = 33554432
	client.dns.lookup = use_all_dns_ips
	client.id = payment-service-producer-1
	compression.type = none
	connections.max.idle.ms = 540000
	delivery.timeout.ms = 120000
	enable.idempotence = true
	enable.metrics.push = true
	interceptor.classes = []
	key.serializer = class org.apache.kafka.common.serialization.StringSerializer
	linger.ms = 0
	max.block.ms = 60000
	max.in.flight.requests.per.connection = 5
	max.request.size = 1048576
	metadata.max.age.ms = 300000
	metadata.max.idle.ms = 300000
	metric.reporters = []
	metrics.num.samples = 2
	metrics.recording.level = INFO
	metrics.sample.window.ms = 30000
	partitioner.adaptive.partitioning.enable = true
	partitioner.availability.timeout.ms = 0
	partitioner.class = null
	partitioner.ignore.keys = false
	receive.buffer.bytes = 32768
	reconnect.backoff.max.ms = 1000
	reconnect.backoff.ms = 50
	request.timeout.ms = 30000
	retries = 2147483647
	retry.backoff.max.ms = 1000
	retry.backoff.ms = 100
	sasl.client.callback.handler.class = null
	sasl.jaas.config = null
	sasl.kerberos.kinit.cmd = /usr/bin/kinit
	sasl.kerberos.min.time.before.relogin = 60000
	sasl.kerberos.service.name = null
	sasl.kerberos.ticket.renew.jitter = 0.05
	sasl.kerberos.ticket.renew.window.factor = 0.8
	sasl.login.callback.handler.class = null
	sasl.login.class = null
	sasl.login.connect.timeout.ms = null
	sasl.login.read.timeout.ms = null
	sasl.login.refresh.buffer.seconds = 300
	sasl.login.refresh.min.period.seconds = 60
	sasl.login.refresh.window.factor = 0.8
	sasl.login.refresh.window.jitter = 0.05
	sasl.login.retry.backoff.max.ms = 10000
	sasl.login.retry.backoff.ms = 100
	sasl.mechanism = GSSAPI
	sasl.oauthbearer.clock.skew.seconds = 30
	sasl.oauthbearer.expected.audience = null
	sasl.oauthbearer.expected.issuer = null
	sasl.oauthbearer.jwks.endpoint.refresh.ms = 3600000
	sasl.oauthbearer.jwks.endpoint.retry.backoff.max.ms = 10000
	sasl.oauthbearer.jwks.endpoint.retry.backoff.ms = 100
	sasl.oauthbearer.jwks.endpoint.url = null
	sasl.oauthbearer.scope.claim.name = scope
	sasl.oauthbearer.sub.claim.name = sub
	sasl.oauthbearer.token.endpoint.url = null
	security.protocol = PLAINTEXT
	security.providers = null
	send.buffer.bytes = 131072
	socket.connection.setup.timeout.max.ms = 30000
	socket.connection.setup.timeout.ms = 10000
	ssl.cipher.suites = null
	ssl.enabled.protocols = [TLSv1.2, TLSv1.3]
	ssl.endpoint.identification.algorithm = https
	ssl.engine.factory.class = null
	ssl.key.password = null
	ssl.keymanager.algorithm = SunX509
	ssl.keystore.certificate.chain = null
	ssl.keystore.key = null
	ssl.keystore.location = null
	ssl.keystore.password = null
	ssl.keystore.type = JKS
	ssl.protocol = TLSv1.3
	ssl.provider = null
	ssl.secure.random.implementation = null
	ssl.trustmanager.algorithm = PKIX
	ssl.truststore.certificates = null
	ssl.truststore.location = null
	ssl.truststore.password = null
	ssl.truststore.type = JKS
	transaction.timeout.ms = 60000
	transactional.id = null
	value.serializer = class org.springframework.kafka.support.serializer.JsonSerializer

2024-09-24T10:05:52.043+05:00  INFO 25595 --- [payment-service] [http-nio-8084-exec-1] o.a.k.c.t.i.KafkaMetricsCollector        : initializing Kafka metrics collector
2024-09-24T10:05:52.053+05:00  INFO 25595 --- [payment-service] [http-nio-8084-exec-1] o.a.k.clients.producer.KafkaProducer     : [Producer clientId=payment-service-producer-1] Instantiated an idempotent producer.
2024-09-24T10:05:52.061+05:00  INFO 25595 --- [payment-service] [http-nio-8084-exec-1] o.a.kafka.common.utils.AppInfoParser     : Kafka version: 3.7.1
2024-09-24T10:05:52.061+05:00  INFO 25595 --- [payment-service] [http-nio-8084-exec-1] o.a.kafka.common.utils.AppInfoParser     : Kafka commitId: e2494e6ffb89f828
2024-09-24T10:05:52.061+05:00  INFO 25595 --- [payment-service] [http-nio-8084-exec-1] o.a.kafka.common.utils.AppInfoParser     : Kafka startTimeMs: 1727154352061
2024-09-24T10:05:52.081+05:00  INFO 25595 --- [payment-service] [kafka-producer-network-thread | payment-service-producer-1] org.apache.kafka.clients.Metadata        : [Producer clientId=payment-service-producer-1] Cluster ID: a5Hj4BhQQ-ywGQixswYKzQ
2024-09-24T10:05:52.082+05:00  INFO 25595 --- [payment-service] [kafka-producer-network-thread | payment-service-producer-1] o.a.k.c.p.internals.TransactionManager   : [Producer clientId=payment-service-producer-1] ProducerId set to 4006 with epoch 0
2024-09-24T10:05:52.623+05:00  INFO 25595 --- [payment-service] [http-nio-8084-exec-1] o.a.k.clients.producer.ProducerConfig    : ProducerConfig values: 
	acks = -1
	auto.include.jmx.reporter = true
	batch.size = 16384
	bootstrap.servers = [localhost:9092]
	buffer.memory = 33554432
	client.dns.lookup = use_all_dns_ips
	client.id = payment-service-producer-1
	compression.type = none
	connections.max.idle.ms = 540000
	delivery.timeout.ms = 120000
	enable.idempotence = true
	enable.metrics.push = true
	interceptor.classes = []
	key.serializer = class org.apache.kafka.common.serialization.StringSerializer
	linger.ms = 0
	max.block.ms = 60000
	max.in.flight.requests.per.connection = 5
	max.request.size = 1048576
	metadata.max.age.ms = 300000
	metadata.max.idle.ms = 300000
	metric.reporters = []
	metrics.num.samples = 2
	metrics.recording.level = INFO
	metrics.sample.window.ms = 30000
	partitioner.adaptive.partitioning.enable = true
	partitioner.availability.timeout.ms = 0
	partitioner.class = null
	partitioner.ignore.keys = false
	receive.buffer.bytes = 32768
	reconnect.backoff.max.ms = 1000
	reconnect.backoff.ms = 50
	request.timeout.ms = 30000
	retries = 2147483647
	retry.backoff.max.ms = 1000
	retry.backoff.ms = 100
	sasl.client.callback.handler.class = null
	sasl.jaas.config = null
	sasl.kerberos.kinit.cmd = /usr/bin/kinit
	sasl.kerberos.min.time.before.relogin = 60000
	sasl.kerberos.service.name = null
	sasl.kerberos.ticket.renew.jitter = 0.05
	sasl.kerberos.ticket.renew.window.factor = 0.8
	sasl.login.callback.handler.class = null
	sasl.login.class = null
	sasl.login.connect.timeout.ms = null
	sasl.login.read.timeout.ms = null
	sasl.login.refresh.buffer.seconds = 300
	sasl.login.refresh.min.period.seconds = 60
	sasl.login.refresh.window.factor = 0.8
	sasl.login.refresh.window.jitter = 0.05
	sasl.login.retry.backoff.max.ms = 10000
	sasl.login.retry.backoff.ms = 100
	sasl.mechanism = GSSAPI
	sasl.oauthbearer.clock.skew.seconds = 30
	sasl.oauthbearer.expected.audience = null
	sasl.oauthbearer.expected.issuer = null
	sasl.oauthbearer.jwks.endpoint.refresh.ms = 3600000
	sasl.oauthbearer.jwks.endpoint.retry.backoff.max.ms = 10000
	sasl.oauthbearer.jwks.endpoint.retry.backoff.ms = 100
	sasl.oauthbearer.jwks.endpoint.url = null
	sasl.oauthbearer.scope.claim.name = scope
	sasl.oauthbearer.sub.claim.name = sub
	sasl.oauthbearer.token.endpoint.url = null
	security.protocol = PLAINTEXT
	security.providers = null
	send.buffer.bytes = 131072
	socket.connection.setup.timeout.max.ms = 30000
	socket.connection.setup.timeout.ms = 10000
	ssl.cipher.suites = null
	ssl.enabled.protocols = [TLSv1.2, TLSv1.3]
	ssl.endpoint.identification.algorithm = https
	ssl.engine.factory.class = null
	ssl.key.password = null
	ssl.keymanager.algorithm = SunX509
	ssl.keystore.certificate.chain = null
	ssl.keystore.key = null
	ssl.keystore.location = null
	ssl.keystore.password = null
	ssl.keystore.type = JKS
	ssl.protocol = TLSv1.3
	ssl.provider = null
	ssl.secure.random.implementation = null
	ssl.trustmanager.algorithm = PKIX
	ssl.truststore.certificates = null
	ssl.truststore.location = null
	ssl.truststore.password = null
	ssl.truststore.type = JKS
	transaction.timeout.ms = 60000
	transactional.id = null
	value.serializer = class org.springframework.kafka.support.serializer.JsonSerializer

2024-09-24T10:05:52.624+05:00  INFO 25595 --- [payment-service] [http-nio-8084-exec-1] o.a.k.c.t.i.KafkaMetricsCollector        : initializing Kafka metrics collector
2024-09-24T10:05:52.625+05:00  INFO 25595 --- [payment-service] [http-nio-8084-exec-1] o.a.k.clients.producer.KafkaProducer     : [Producer clientId=payment-service-producer-1] Instantiated an idempotent producer.
2024-09-24T10:05:52.627+05:00  INFO 25595 --- [payment-service] [http-nio-8084-exec-1] o.a.kafka.common.utils.AppInfoParser     : The mbean of App info: [kafka.producer], id: [payment-service-producer-1] already exists, so skipping a new mbean creation.
2024-09-24T10:05:52.634+05:00  INFO 25595 --- [payment-service] [kafka-producer-network-thread | payment-service-producer-1] org.apache.kafka.clients.Metadata        : [Producer clientId=payment-service-producer-1] Cluster ID: a5Hj4BhQQ-ywGQixswYKzQ
2024-09-24T10:05:52.635+05:00  INFO 25595 --- [payment-service] [kafka-producer-network-thread | payment-service-producer-1] o.a.k.c.p.internals.TransactionManager   : [Producer clientId=payment-service-producer-1] ProducerId set to 4008 with epoch 0
2024-09-24T10:07:13.613+05:00  WARN 25595 --- [payment-service] [HikariPool-1 housekeeper] com.zaxxer.hikari.pool.HikariPool        : HikariPool-1 - Retrograde clock change detected (housekeeper delta=29s830ms), soft-evicting connections from pool.
2024-09-24T10:14:52.113+05:00  INFO 25595 --- [payment-service] [kafka-producer-network-thread | payment-service-producer-1] org.apache.kafka.clients.NetworkClient   : [Producer clientId=payment-service-producer-1] Node -1 disconnected.
2024-09-24T10:14:52.649+05:00  INFO 25595 --- [payment-service] [kafka-producer-network-thread | payment-service-producer-1] org.apache.kafka.clients.NetworkClient   : [Producer clientId=payment-service-producer-1] Node -1 disconnected.
2024-09-24T10:15:15.736+05:00  INFO 25595 --- [payment-service] [org.springframework.kafka.KafkaListenerEndpointContainer#1-0-C-1] org.apache.kafka.clients.NetworkClient   : [Consumer clientId=consumer-group_id-2, groupId=group_id] Node -1 disconnected.
2024-09-24T10:15:15.736+05:00  INFO 25595 --- [payment-service] [org.springframework.kafka.KafkaListenerEndpointContainer#0-0-C-1] org.apache.kafka.clients.NetworkClient   : [Consumer clientId=consumer-group_id-1, groupId=group_id] Node -1 disconnected.
2024-09-24T10:25:22.147+05:00  INFO 25595 --- [payment-service] [kafka-producer-network-thread | payment-service-producer-1] org.apache.kafka.clients.NetworkClient   : [Producer clientId=payment-service-producer-1] Node -1 disconnected.
2024-09-24T10:25:22.664+05:00  INFO 25595 --- [payment-service] [kafka-producer-network-thread | payment-service-producer-1] org.apache.kafka.clients.NetworkClient   : [Producer clientId=payment-service-producer-1] Node -1 disconnected.
